<?xml version="1.0" encoding="utf-8"?><testsuites><testsuite errors="0" failures="0" hostname="Happy-Testing" name="pytest" skipped="0" tests="3" time="0.032" timestamp="2020-02-11T22:54:05.330839"><testcase classname="UnitTestTrue.TestUnitTest" file="UnitTestTrue.py" line="9" name="test002" time="0.001"></testcase><testcase classname="UnitTest002.TestUnitTest" file="UnitTest002.py" line="9" name="test002" time="0.000"></testcase><testcase classname="Pytest.test_002" file="Pytest.py" line="9" name="test_comparacion" time="0.002"></testcase></testsuite></testsuites>